<?xml version="1.0" encoding="UTF-8"?>
<coverage generated="1694794269024" clover="3.2.0">
  <project timestamp="1694794269024" name="All files">
    <metrics statements="21" coveredstatements="21" conditionals="14" coveredconditionals="13" methods="4" coveredmethods="4" elements="39" coveredelements="38" complexity="0" loc="21" ncloc="21" packages="1" files="1" classes="1"/>
    <file name="immer.js" path="/Users/macbook/Desktop/public/f-lab/clone/immer.js">
      <metrics statements="21" coveredstatements="21" conditionals="14" coveredconditionals="13" methods="4" coveredmethods="4"/>
      <line num="2" count="27" type="cond" truecount="4" falsecount="0"/>
      <line num="3" count="16" type="stmt"/>
      <line num="6" count="11" type="cond" truecount="2" falsecount="0"/>
      <line num="7" count="1" type="stmt"/>
      <line num="10" count="10" type="cond" truecount="2" falsecount="0"/>
      <line num="11" count="1" type="stmt"/>
      <line num="12" count="1" type="stmt"/>
      <line num="13" count="2" type="stmt"/>
      <line num="15" count="1" type="stmt"/>
      <line num="18" count="9" type="cond" truecount="2" falsecount="0"/>
      <line num="19" count="1" type="stmt"/>
      <line num="20" count="1" type="stmt"/>
      <line num="21" count="2" type="stmt"/>
      <line num="23" count="1" type="stmt"/>
      <line num="26" count="8" type="cond" truecount="2" falsecount="0"/>
      <line num="27" count="4" type="stmt"/>
      <line num="30" count="6" type="stmt"/>
      <line num="31" count="6" type="stmt"/>
      <line num="32" count="18" type="cond" truecount="1" falsecount="1"/>
      <line num="33" count="18" type="stmt"/>
      <line num="36" count="6" type="stmt"/>
    </file>
  </project>
</coverage>
