<?xml version="1.0" encoding="UTF-8"?>
<coverage generated="1694818572226" clover="3.2.0">
  <project timestamp="1694818572226" name="All files">
    <metrics statements="23" coveredstatements="23" conditionals="16" coveredconditionals="15" methods="4" coveredmethods="4" elements="43" coveredelements="42" complexity="0" loc="23" ncloc="23" packages="1" files="1" classes="1"/>
    <file name="immer.js" path="/Users/macbook/Desktop/public/f-lab/clone/immer.js">
      <metrics statements="23" coveredstatements="23" conditionals="16" coveredconditionals="15" methods="4" coveredmethods="4"/>
      <line num="2" count="28" type="cond" truecount="4" falsecount="0"/>
      <line num="3" count="16" type="stmt"/>
      <line num="6" count="12" type="cond" truecount="2" falsecount="0"/>
      <line num="7" count="1" type="stmt"/>
      <line num="10" count="11" type="cond" truecount="2" falsecount="0"/>
      <line num="11" count="1" type="stmt"/>
      <line num="14" count="10" type="cond" truecount="2" falsecount="0"/>
      <line num="15" count="1" type="stmt"/>
      <line num="16" count="1" type="stmt"/>
      <line num="17" count="2" type="stmt"/>
      <line num="19" count="1" type="stmt"/>
      <line num="22" count="9" type="cond" truecount="2" falsecount="0"/>
      <line num="23" count="1" type="stmt"/>
      <line num="24" count="1" type="stmt"/>
      <line num="25" count="2" type="stmt"/>
      <line num="27" count="1" type="stmt"/>
      <line num="30" count="8" type="cond" truecount="2" falsecount="0"/>
      <line num="31" count="4" type="stmt"/>
      <line num="34" count="6" type="stmt"/>
      <line num="35" count="6" type="stmt"/>
      <line num="36" count="19" type="cond" truecount="1" falsecount="1"/>
      <line num="37" count="19" type="stmt"/>
      <line num="40" count="6" type="stmt"/>
    </file>
  </project>
</coverage>
