{"/Users/macbook/Desktop/public/f-lab/clone/immer.js": {"path":"/Users/macbook/Desktop/public/f-lab/clone/immer.js","statementMap":{"0":{"start":{"line":2,"column":4},"end":{"line":4,"column":5}},"1":{"start":{"line":3,"column":6},"end":{"line":3,"column":17}},"2":{"start":{"line":6,"column":4},"end":{"line":8,"column":5}},"3":{"start":{"line":7,"column":6},"end":{"line":7,"column":27}},"4":{"start":{"line":10,"column":4},"end":{"line":16,"column":5}},"5":{"start":{"line":11,"column":24},"end":{"line":11,"column":33}},"6":{"start":{"line":12,"column":6},"end":{"line":14,"column":9}},"7":{"start":{"line":13,"column":8},"end":{"line":13,"column":45}},"8":{"start":{"line":15,"column":6},"end":{"line":15,"column":23}},"9":{"start":{"line":18,"column":4},"end":{"line":24,"column":5}},"10":{"start":{"line":19,"column":24},"end":{"line":19,"column":33}},"11":{"start":{"line":20,"column":6},"end":{"line":22,"column":9}},"12":{"start":{"line":21,"column":8},"end":{"line":21,"column":40}},"13":{"start":{"line":23,"column":6},"end":{"line":23,"column":23}},"14":{"start":{"line":26,"column":4},"end":{"line":28,"column":5}},"15":{"start":{"line":27,"column":6},"end":{"line":27,"column":39}},"16":{"start":{"line":27,"column":25},"end":{"line":27,"column":37}},"17":{"start":{"line":30,"column":22},"end":{"line":30,"column":24}},"18":{"start":{"line":31,"column":4},"end":{"line":35,"column":5}},"19":{"start":{"line":32,"column":6},"end":{"line":34,"column":7}},"20":{"start":{"line":33,"column":8},"end":{"line":33,"column":45}},"21":{"start":{"line":36,"column":4},"end":{"line":36,"column":21}}},"fnMap":{"0":{"name":"deepClone","decl":{"start":{"line":1,"column":16},"end":{"line":1,"column":25}},"loc":{"start":{"line":1,"column":31},"end":{"line":37,"column":3}},"line":1},"1":{"name":"(anonymous_1)","decl":{"start":{"line":12,"column":18},"end":{"line":12,"column":19}},"loc":{"start":{"line":12,"column":34},"end":{"line":14,"column":7}},"line":12},"2":{"name":"(anonymous_2)","decl":{"start":{"line":20,"column":18},"end":{"line":20,"column":19}},"loc":{"start":{"line":20,"column":29},"end":{"line":22,"column":7}},"line":20},"3":{"name":"(anonymous_3)","decl":{"start":{"line":27,"column":21},"end":{"line":27,"column":22}},"loc":{"start":{"line":27,"column":25},"end":{"line":27,"column":37}},"line":27}},"branchMap":{"0":{"loc":{"start":{"line":2,"column":4},"end":{"line":4,"column":5}},"type":"if","locations":[{"start":{"line":2,"column":4},"end":{"line":4,"column":5}},{"start":{},"end":{}}],"line":2},"1":{"loc":{"start":{"line":2,"column":8},"end":{"line":2,"column":47}},"type":"binary-expr","locations":[{"start":{"line":2,"column":8},"end":{"line":2,"column":20}},{"start":{"line":2,"column":24},"end":{"line":2,"column":47}}],"line":2},"2":{"loc":{"start":{"line":6,"column":4},"end":{"line":8,"column":5}},"type":"if","locations":[{"start":{"line":6,"column":4},"end":{"line":8,"column":5}},{"start":{},"end":{}}],"line":6},"3":{"loc":{"start":{"line":10,"column":4},"end":{"line":16,"column":5}},"type":"if","locations":[{"start":{"line":10,"column":4},"end":{"line":16,"column":5}},{"start":{},"end":{}}],"line":10},"4":{"loc":{"start":{"line":18,"column":4},"end":{"line":24,"column":5}},"type":"if","locations":[{"start":{"line":18,"column":4},"end":{"line":24,"column":5}},{"start":{},"end":{}}],"line":18},"5":{"loc":{"start":{"line":26,"column":4},"end":{"line":28,"column":5}},"type":"if","locations":[{"start":{"line":26,"column":4},"end":{"line":28,"column":5}},{"start":{},"end":{}}],"line":26},"6":{"loc":{"start":{"line":32,"column":6},"end":{"line":34,"column":7}},"type":"if","locations":[{"start":{"line":32,"column":6},"end":{"line":34,"column":7}},{"start":{},"end":{}}],"line":32}},"s":{"0":27,"1":16,"2":11,"3":1,"4":10,"5":1,"6":1,"7":2,"8":1,"9":9,"10":1,"11":1,"12":2,"13":1,"14":8,"15":2,"16":4,"17":6,"18":6,"19":18,"20":18,"21":6},"f":{"0":27,"1":2,"2":2,"3":4},"b":{"0":[16,11],"1":[27,27],"2":[1,10],"3":[1,9],"4":[1,8],"5":[2,6],"6":[18,0]},"_coverageSchema":"1a1c01bbd47fc00a2c39e90264f33305004495a9","hash":"effa7aef4a820522385535ad71f9c852f1b566ef"}
}
