TN:
SF:immer.js
FN:1,deepClone
FN:16,(anonymous_1)
FN:24,(anonymous_2)
FN:31,(anonymous_3)
FNF:4
FNH:4
FNDA:28,deepClone
FNDA:2,(anonymous_1)
FNDA:2,(anonymous_2)
FNDA:4,(anonymous_3)
DA:2,28
DA:3,16
DA:6,12
DA:7,1
DA:10,11
DA:11,1
DA:14,10
DA:15,1
DA:16,1
DA:17,2
DA:19,1
DA:22,9
DA:23,1
DA:24,1
DA:25,2
DA:27,1
DA:30,8
DA:31,4
DA:34,6
DA:35,6
DA:36,19
DA:37,19
DA:40,6
LF:23
LH:23
BRDA:2,0,0,16
BRDA:2,0,1,12
BRDA:2,1,0,28
BRDA:2,1,1,28
BRDA:6,2,0,1
BRDA:6,2,1,11
BRDA:10,3,0,1
BRDA:10,3,1,10
BRDA:14,4,0,1
BRDA:14,4,1,9
BRDA:22,5,0,1
BRDA:22,5,1,8
BRDA:30,6,0,2
BRDA:30,6,1,6
BRDA:36,7,0,19
BRDA:36,7,1,0
BRF:16
BRH:15
end_of_record
