TN:
SF:immer.js
FN:1,deepClone
FN:12,(anonymous_1)
FN:20,(anonymous_2)
FN:27,(anonymous_3)
FNF:4
FNH:4
FNDA:27,deepClone
FNDA:2,(anonymous_1)
FNDA:2,(anonymous_2)
FNDA:4,(anonymous_3)
DA:2,27
DA:3,16
DA:6,11
DA:7,1
DA:10,10
DA:11,1
DA:12,1
DA:13,2
DA:15,1
DA:18,9
DA:19,1
DA:20,1
DA:21,2
DA:23,1
DA:26,8
DA:27,4
DA:30,6
DA:31,6
DA:32,18
DA:33,18
DA:36,6
LF:21
LH:21
BRDA:2,0,0,16
BRDA:2,0,1,11
BRDA:2,1,0,27
BRDA:2,1,1,27
BRDA:6,2,0,1
BRDA:6,2,1,10
BRDA:10,3,0,1
BRDA:10,3,1,9
BRDA:18,4,0,1
BRDA:18,4,1,8
BRDA:26,5,0,2
BRDA:26,5,1,6
BRDA:32,6,0,18
BRDA:32,6,1,0
BRF:14
BRH:13
end_of_record
